2022-09-22 00:07:26.138  INFO 20392 --- [restartedMain] c.c.c.admin.CozyCatsBackEndApplication   : Starting CozyCatsBackEndApplication using Java 18.0.2.1 on DESKTOP-VJI1G5T with PID 20392 (C:\Users\DELL\Spring\eCommerseJavaProject\cozyCatsWebParent\cozyCatsBackEnd\target\classes started by DELL in C:\Users\DELL\Spring\eCommerseJavaProject\cozyCatsWebParent\cozyCatsBackEnd)
2022-09-22 00:07:26.140  INFO 20392 --- [restartedMain] c.c.c.admin.CozyCatsBackEndApplication   : No active profile set, falling back to 1 default profile: "default"
2022-09-22 00:07:27.654  INFO 20392 --- [restartedMain] .s.d.r.c.RepositoryConfigurationDelegate : Bootstrapping Spring Data JPA repositories in DEFAULT mode.
2022-09-22 00:07:27.726  INFO 20392 --- [restartedMain] .s.d.r.c.RepositoryConfigurationDelegate : Finished Spring Data repository scanning in 70 ms. Found 3 JPA repository interfaces.
2022-09-22 00:07:27.929  INFO 20392 --- [restartedMain] o.s.b.w.embedded.tomcat.TomcatWebServer  : Tomcat initialized with port(s): 8090 (http)
2022-09-22 00:07:27.931  INFO 20392 --- [restartedMain] o.apache.catalina.core.StandardService   : Starting service [Tomcat]
2022-09-22 00:07:27.931  INFO 20392 --- [restartedMain] org.apache.catalina.core.StandardEngine  : Starting Servlet engine: [Apache Tomcat/9.0.63]
2022-09-22 00:07:28.014  INFO 20392 --- [restartedMain] o.a.c.c.C.[.[.[/cozyCatsAdmin]           : Initializing Spring embedded WebApplicationContext
2022-09-22 00:07:28.014  INFO 20392 --- [restartedMain] w.s.c.ServletWebServerApplicationContext : Root WebApplicationContext: initialization completed in 1862 ms
2022-09-22 00:07:28.087  INFO 20392 --- [restartedMain] o.hibernate.jpa.internal.util.LogHelper  : HHH000204: Processing PersistenceUnitInfo [name: default]
2022-09-22 00:07:28.101  INFO 20392 --- [restartedMain] com.zaxxer.hikari.HikariDataSource       : HikariPool-8 - Starting...
2022-09-22 00:07:28.104  INFO 20392 --- [restartedMain] com.zaxxer.hikari.HikariDataSource       : HikariPool-8 - Start completed.
2022-09-22 00:07:28.105  INFO 20392 --- [restartedMain] org.hibernate.dialect.Dialect            : HHH000400: Using dialect: org.hibernate.dialect.MySQL8Dialect
2022-09-22 00:07:28.313  INFO 20392 --- [restartedMain] o.h.e.t.j.p.i.JtaPlatformInitiator       : HHH000490: Using JtaPlatform implementation: [org.hibernate.engine.transaction.jta.platform.internal.NoJtaPlatform]
2022-09-22 00:07:28.313  INFO 20392 --- [restartedMain] j.LocalContainerEntityManagerFactoryBean : Initialized JPA EntityManagerFactory for persistence unit 'default'
2022-09-22 00:07:28.806  WARN 20392 --- [restartedMain] JpaBaseConfiguration$JpaWebConfiguration : spring.jpa.open-in-view is enabled by default. Therefore, database queries may be performed during view rendering. Explicitly configure spring.jpa.open-in-view to disable this warning
2022-09-22 00:07:29.291  WARN 20392 --- [restartedMain] o.s.s.c.a.web.builders.WebSecurity       : You are asking Spring Security to ignore Ant [pattern='/**/*.js']. This is not recommended -- please use permitAll via HttpSecurity#authorizeHttpRequests instead.
2022-09-22 00:07:29.292  INFO 20392 --- [restartedMain] o.s.s.web.DefaultSecurityFilterChain     : Will not secure Ant [pattern='/**/*.js']
2022-09-22 00:07:29.292  WARN 20392 --- [restartedMain] o.s.s.c.a.web.builders.WebSecurity       : You are asking Spring Security to ignore Ant [pattern='/**/*.css']. This is not recommended -- please use permitAll via HttpSecurity#authorizeHttpRequests instead.
2022-09-22 00:07:29.292  INFO 20392 --- [restartedMain] o.s.s.web.DefaultSecurityFilterChain     : Will not secure Ant [pattern='/**/*.css']
2022-09-22 00:07:29.292  WARN 20392 --- [restartedMain] o.s.s.c.a.web.builders.WebSecurity       : You are asking Spring Security to ignore Ant [pattern='/**/*.png']. This is not recommended -- please use permitAll via HttpSecurity#authorizeHttpRequests instead.
2022-09-22 00:07:29.292  INFO 20392 --- [restartedMain] o.s.s.web.DefaultSecurityFilterChain     : Will not secure Ant [pattern='/**/*.png']
2022-09-22 00:07:29.326  INFO 20392 --- [restartedMain] o.s.s.web.DefaultSecurityFilterChain     : Will secure any request with [org.springframework.security.web.context.request.async.WebAsyncManagerIntegrationFilter@124e25bc, org.springframework.security.web.context.SecurityContextPersistenceFilter@145b5a2a, org.springframework.security.web.header.HeaderWriterFilter@6ad0fbf8, org.springframework.security.web.csrf.CsrfFilter@4eabba8d, org.springframework.security.web.authentication.logout.LogoutFilter@5d55fa64, org.springframework.security.web.authentication.UsernamePasswordAuthenticationFilter@52103a2d, org.springframework.security.web.savedrequest.RequestCacheAwareFilter@464035a5, org.springframework.security.web.servletapi.SecurityContextHolderAwareRequestFilter@2ba209ae, org.springframework.security.web.authentication.rememberme.RememberMeAuthenticationFilter@6c7353fc, org.springframework.security.web.authentication.AnonymousAuthenticationFilter@1eb47740, org.springframework.security.web.session.SessionManagementFilter@737e793, org.springframework.security.web.access.ExceptionTranslationFilter@336c34b0, org.springframework.security.web.access.intercept.FilterSecurityInterceptor@3986ae03]
2022-09-22 00:07:29.518  INFO 20392 --- [restartedMain] o.s.b.a.w.s.WelcomePageHandlerMapping    : Adding welcome page template: index
2022-09-22 00:07:31.092  INFO 20392 --- [restartedMain] o.s.b.d.a.OptionalLiveReloadServer       : LiveReload server is running on port 35729
2022-09-22 00:07:31.197  INFO 20392 --- [restartedMain] o.s.b.w.embedded.tomcat.TomcatWebServer  : Tomcat started on port(s): 8090 (http) with context path '/cozyCatsAdmin'
2022-09-22 00:07:31.206  INFO 20392 --- [restartedMain] c.c.c.admin.CozyCatsBackEndApplication   : Started CozyCatsBackEndApplication in 5.231 seconds (JVM running for 484.443)
2022-09-22 00:07:31.248  INFO 20392 --- [restartedMain] .ConditionEvaluationDeltaLoggingListener : Condition evaluation unchanged
2022-09-22 00:08:20.578  INFO 20392 --- [SpringApplicationShutdownHook] j.LocalContainerEntityManagerFactoryBean : Closing JPA EntityManagerFactory for persistence unit 'default'
2022-09-22 00:08:20.579  INFO 20392 --- [SpringApplicationShutdownHook] com.zaxxer.hikari.HikariDataSource       : HikariPool-8 - Shutdown initiated...
2022-09-22 00:08:20.585  INFO 20392 --- [SpringApplicationShutdownHook] com.zaxxer.hikari.HikariDataSource       : HikariPool-8 - Shutdown completed.
2022-09-22 00:08:26.957  INFO 7384 --- [restartedMain] c.c.c.admin.CozyCatsBackEndApplication   : Starting CozyCatsBackEndApplication using Java 18.0.2.1 on DESKTOP-VJI1G5T with PID 7384 (C:\Users\DELL\Spring\eCommerseJavaProject\cozyCatsWebParent\cozyCatsBackEnd\target\classes started by DELL in C:\Users\DELL\Spring\eCommerseJavaProject\cozyCatsWebParent\cozyCatsBackEnd)
2022-09-22 00:08:26.959  INFO 7384 --- [restartedMain] c.c.c.admin.CozyCatsBackEndApplication   : No active profile set, falling back to 1 default profile: "default"
2022-09-22 00:08:27.072  INFO 7384 --- [restartedMain] .e.DevToolsPropertyDefaultsPostProcessor : Devtools property defaults active! Set 'spring.devtools.add-properties' to 'false' to disable
2022-09-22 00:08:27.073  INFO 7384 --- [restartedMain] .e.DevToolsPropertyDefaultsPostProcessor : For additional web related logging consider setting the 'logging.level.web' property to 'DEBUG'
2022-09-22 00:08:28.494  INFO 7384 --- [restartedMain] .s.d.r.c.RepositoryConfigurationDelegate : Bootstrapping Spring Data JPA repositories in DEFAULT mode.
2022-09-22 00:08:28.662  INFO 7384 --- [restartedMain] .s.d.r.c.RepositoryConfigurationDelegate : Finished Spring Data repository scanning in 131 ms. Found 3 JPA repository interfaces.
2022-09-22 00:08:29.923  INFO 7384 --- [restartedMain] o.s.b.w.embedded.tomcat.TomcatWebServer  : Tomcat initialized with port(s): 8090 (http)
2022-09-22 00:08:29.935  INFO 7384 --- [restartedMain] o.apache.catalina.core.StandardService   : Starting service [Tomcat]
2022-09-22 00:08:29.936  INFO 7384 --- [restartedMain] org.apache.catalina.core.StandardEngine  : Starting Servlet engine: [Apache Tomcat/9.0.63]
2022-09-22 00:08:30.051  INFO 7384 --- [restartedMain] o.a.c.c.C.[.[.[/cozyCatsAdmin]           : Initializing Spring embedded WebApplicationContext
2022-09-22 00:08:30.052  INFO 7384 --- [restartedMain] w.s.c.ServletWebServerApplicationContext : Root WebApplicationContext: initialization completed in 2978 ms
2022-09-22 00:08:30.334  INFO 7384 --- [restartedMain] o.hibernate.jpa.internal.util.LogHelper  : HHH000204: Processing PersistenceUnitInfo [name: default]
2022-09-22 00:08:30.427  INFO 7384 --- [restartedMain] org.hibernate.Version                    : HHH000412: Hibernate ORM core version 5.6.9.Final
2022-09-22 00:08:30.692  INFO 7384 --- [restartedMain] o.hibernate.annotations.common.Version   : HCANN000001: Hibernate Commons Annotations {5.1.2.Final}
2022-09-22 00:08:30.839  INFO 7384 --- [restartedMain] com.zaxxer.hikari.HikariDataSource       : HikariPool-1 - Starting...
2022-09-22 00:08:30.997  INFO 7384 --- [restartedMain] com.zaxxer.hikari.HikariDataSource       : HikariPool-1 - Start completed.
2022-09-22 00:08:31.020  INFO 7384 --- [restartedMain] org.hibernate.dialect.Dialect            : HHH000400: Using dialect: org.hibernate.dialect.MySQL8Dialect
2022-09-22 00:08:32.008  INFO 7384 --- [restartedMain] o.h.e.t.j.p.i.JtaPlatformInitiator       : HHH000490: Using JtaPlatform implementation: [org.hibernate.engine.transaction.jta.platform.internal.NoJtaPlatform]
2022-09-22 00:08:32.020  INFO 7384 --- [restartedMain] j.LocalContainerEntityManagerFactoryBean : Initialized JPA EntityManagerFactory for persistence unit 'default'
2022-09-22 00:08:32.351  WARN 7384 --- [restartedMain] JpaBaseConfiguration$JpaWebConfiguration : spring.jpa.open-in-view is enabled by default. Therefore, database queries may be performed during view rendering. Explicitly configure spring.jpa.open-in-view to disable this warning
2022-09-22 00:08:32.796  WARN 7384 --- [restartedMain] o.s.s.c.a.web.builders.WebSecurity       : You are asking Spring Security to ignore Ant [pattern='/**/*.js']. This is not recommended -- please use permitAll via HttpSecurity#authorizeHttpRequests instead.
2022-09-22 00:08:32.797  INFO 7384 --- [restartedMain] o.s.s.web.DefaultSecurityFilterChain     : Will not secure Ant [pattern='/**/*.js']
2022-09-22 00:08:32.797  WARN 7384 --- [restartedMain] o.s.s.c.a.web.builders.WebSecurity       : You are asking Spring Security to ignore Ant [pattern='/**/*.css']. This is not recommended -- please use permitAll via HttpSecurity#authorizeHttpRequests instead.
2022-09-22 00:08:32.797  INFO 7384 --- [restartedMain] o.s.s.web.DefaultSecurityFilterChain     : Will not secure Ant [pattern='/**/*.css']
2022-09-22 00:08:32.797  WARN 7384 --- [restartedMain] o.s.s.c.a.web.builders.WebSecurity       : You are asking Spring Security to ignore Ant [pattern='/**/*.png']. This is not recommended -- please use permitAll via HttpSecurity#authorizeHttpRequests instead.
2022-09-22 00:08:32.798  INFO 7384 --- [restartedMain] o.s.s.web.DefaultSecurityFilterChain     : Will not secure Ant [pattern='/**/*.png']
2022-09-22 00:08:32.838  INFO 7384 --- [restartedMain] o.s.s.web.DefaultSecurityFilterChain     : Will secure any request with [org.springframework.security.web.context.request.async.WebAsyncManagerIntegrationFilter@58b10695, org.springframework.security.web.context.SecurityContextPersistenceFilter@38d609df, org.springframework.security.web.header.HeaderWriterFilter@7263b969, org.springframework.security.web.csrf.CsrfFilter@45be8d38, org.springframework.security.web.authentication.logout.LogoutFilter@6f7f2f7f, org.springframework.security.web.authentication.UsernamePasswordAuthenticationFilter@75f78350, org.springframework.security.web.savedrequest.RequestCacheAwareFilter@551bbedb, org.springframework.security.web.servletapi.SecurityContextHolderAwareRequestFilter@35418620, org.springframework.security.web.authentication.rememberme.RememberMeAuthenticationFilter@430c4757, org.springframework.security.web.authentication.AnonymousAuthenticationFilter@fc5c753, org.springframework.security.web.session.SessionManagementFilter@16e13417, org.springframework.security.web.access.ExceptionTranslationFilter@35789e5f, org.springframework.security.web.access.intercept.FilterSecurityInterceptor@680ecbbe]
2022-09-22 00:08:33.047  INFO 7384 --- [restartedMain] o.s.b.a.w.s.WelcomePageHandlerMapping    : Adding welcome page template: index
2022-09-22 00:08:33.778  INFO 7384 --- [restartedMain] o.s.b.d.a.OptionalLiveReloadServer       : LiveReload server is running on port 35729
2022-09-22 00:08:33.835  INFO 7384 --- [restartedMain] o.s.b.w.embedded.tomcat.TomcatWebServer  : Tomcat started on port(s): 8090 (http) with context path '/cozyCatsAdmin'
2022-09-22 00:08:33.850  INFO 7384 --- [restartedMain] c.c.c.admin.CozyCatsBackEndApplication   : Started CozyCatsBackEndApplication in 7.621 seconds (JVM running for 9.434)
2022-09-22 00:10:36.078  INFO 7384 --- [SpringApplicationShutdownHook] j.LocalContainerEntityManagerFactoryBean : Closing JPA EntityManagerFactory for persistence unit 'default'
2022-09-22 00:10:36.082  INFO 7384 --- [SpringApplicationShutdownHook] com.zaxxer.hikari.HikariDataSource       : HikariPool-1 - Shutdown initiated...
2022-09-22 00:10:36.091  INFO 7384 --- [SpringApplicationShutdownHook] com.zaxxer.hikari.HikariDataSource       : HikariPool-1 - Shutdown completed.
2022-09-22 00:10:50.750  INFO 16352 --- [restartedMain] c.c.c.admin.CozyCatsBackEndApplication   : Starting CozyCatsBackEndApplication using Java 18.0.2.1 on DESKTOP-VJI1G5T with PID 16352 (C:\Users\DELL\Spring\eCommerseJavaProject\cozyCatsWebParent\cozyCatsBackEnd\target\classes started by DELL in C:\Users\DELL\Spring\eCommerseJavaProject\cozyCatsWebParent\cozyCatsBackEnd)
2022-09-22 00:10:50.753  INFO 16352 --- [restartedMain] c.c.c.admin.CozyCatsBackEndApplication   : No active profile set, falling back to 1 default profile: "default"
2022-09-22 00:10:50.906  INFO 16352 --- [restartedMain] .e.DevToolsPropertyDefaultsPostProcessor : Devtools property defaults active! Set 'spring.devtools.add-properties' to 'false' to disable
2022-09-22 00:10:50.906  INFO 16352 --- [restartedMain] .e.DevToolsPropertyDefaultsPostProcessor : For additional web related logging consider setting the 'logging.level.web' property to 'DEBUG'
2022-09-22 00:10:54.771  INFO 16352 --- [restartedMain] .s.d.r.c.RepositoryConfigurationDelegate : Bootstrapping Spring Data JPA repositories in DEFAULT mode.
2022-09-22 00:10:55.009  INFO 16352 --- [restartedMain] .s.d.r.c.RepositoryConfigurationDelegate : Finished Spring Data repository scanning in 158 ms. Found 3 JPA repository interfaces.
2022-09-22 00:10:56.785  INFO 16352 --- [restartedMain] o.s.b.w.embedded.tomcat.TomcatWebServer  : Tomcat initialized with port(s): 8090 (http)
2022-09-22 00:10:56.813  INFO 16352 --- [restartedMain] o.apache.catalina.core.StandardService   : Starting service [Tomcat]
2022-09-22 00:10:56.816  INFO 16352 --- [restartedMain] org.apache.catalina.core.StandardEngine  : Starting Servlet engine: [Apache Tomcat/9.0.63]
2022-09-22 00:10:56.984  INFO 16352 --- [restartedMain] o.a.c.c.C.[.[.[/cozyCatsAdmin]           : Initializing Spring embedded WebApplicationContext
2022-09-22 00:10:56.985  INFO 16352 --- [restartedMain] w.s.c.ServletWebServerApplicationContext : Root WebApplicationContext: initialization completed in 6076 ms
2022-09-22 00:10:57.431  INFO 16352 --- [restartedMain] o.hibernate.jpa.internal.util.LogHelper  : HHH000204: Processing PersistenceUnitInfo [name: default]
2022-09-22 00:10:57.519  INFO 16352 --- [restartedMain] org.hibernate.Version                    : HHH000412: Hibernate ORM core version 5.6.9.Final
2022-09-22 00:10:57.842  INFO 16352 --- [restartedMain] o.hibernate.annotations.common.Version   : HCANN000001: Hibernate Commons Annotations {5.1.2.Final}
2022-09-22 00:10:58.014  INFO 16352 --- [restartedMain] com.zaxxer.hikari.HikariDataSource       : HikariPool-1 - Starting...
2022-09-22 00:10:58.501  INFO 16352 --- [restartedMain] com.zaxxer.hikari.HikariDataSource       : HikariPool-1 - Start completed.
2022-09-22 00:10:58.522  INFO 16352 --- [restartedMain] org.hibernate.dialect.Dialect            : HHH000400: Using dialect: org.hibernate.dialect.MySQL8Dialect
2022-09-22 00:11:00.196  INFO 16352 --- [restartedMain] o.h.e.t.j.p.i.JtaPlatformInitiator       : HHH000490: Using JtaPlatform implementation: [org.hibernate.engine.transaction.jta.platform.internal.NoJtaPlatform]
2022-09-22 00:11:00.213  INFO 16352 --- [restartedMain] j.LocalContainerEntityManagerFactoryBean : Initialized JPA EntityManagerFactory for persistence unit 'default'
2022-09-22 00:11:01.209  WARN 16352 --- [restartedMain] JpaBaseConfiguration$JpaWebConfiguration : spring.jpa.open-in-view is enabled by default. Therefore, database queries may be performed during view rendering. Explicitly configure spring.jpa.open-in-view to disable this warning
2022-09-22 00:11:01.990  WARN 16352 --- [restartedMain] o.s.s.c.a.web.builders.WebSecurity       : You are asking Spring Security to ignore Ant [pattern='/**/*.js']. This is not recommended -- please use permitAll via HttpSecurity#authorizeHttpRequests instead.
2022-09-22 00:11:01.992  INFO 16352 --- [restartedMain] o.s.s.web.DefaultSecurityFilterChain     : Will not secure Ant [pattern='/**/*.js']
2022-09-22 00:11:01.993  WARN 16352 --- [restartedMain] o.s.s.c.a.web.builders.WebSecurity       : You are asking Spring Security to ignore Ant [pattern='/**/*.css']. This is not recommended -- please use permitAll via HttpSecurity#authorizeHttpRequests instead.
2022-09-22 00:11:01.993  INFO 16352 --- [restartedMain] o.s.s.web.DefaultSecurityFilterChain     : Will not secure Ant [pattern='/**/*.css']
2022-09-22 00:11:01.993  WARN 16352 --- [restartedMain] o.s.s.c.a.web.builders.WebSecurity       : You are asking Spring Security to ignore Ant [pattern='/**/*.png']. This is not recommended -- please use permitAll via HttpSecurity#authorizeHttpRequests instead.
2022-09-22 00:11:01.994  INFO 16352 --- [restartedMain] o.s.s.web.DefaultSecurityFilterChain     : Will not secure Ant [pattern='/**/*.png']
2022-09-22 00:11:02.050  INFO 16352 --- [restartedMain] o.s.s.web.DefaultSecurityFilterChain     : Will secure any request with [org.springframework.security.web.context.request.async.WebAsyncManagerIntegrationFilter@7fdc8f4c, org.springframework.security.web.context.SecurityContextPersistenceFilter@7263b969, org.springframework.security.web.header.HeaderWriterFilter@35789e5f, org.springframework.security.web.csrf.CsrfFilter@cb2196a, org.springframework.security.web.authentication.logout.LogoutFilter@5d2d1d00, org.springframework.security.web.authentication.UsernamePasswordAuthenticationFilter@fed895d, org.springframework.security.web.savedrequest.RequestCacheAwareFilter@16e13417, org.springframework.security.web.servletapi.SecurityContextHolderAwareRequestFilter@6166c521, org.springframework.security.web.authentication.rememberme.RememberMeAuthenticationFilter@75f78350, org.springframework.security.web.authentication.AnonymousAuthenticationFilter@62a2139, org.springframework.security.web.session.SessionManagementFilter@1db06016, org.springframework.security.web.access.ExceptionTranslationFilter@3b800624, org.springframework.security.web.access.intercept.FilterSecurityInterceptor@43fdab1e]
2022-09-22 00:11:02.453  INFO 16352 --- [restartedMain] o.s.b.a.w.s.WelcomePageHandlerMapping    : Adding welcome page template: index
2022-09-22 00:11:03.876  INFO 16352 --- [restartedMain] o.s.b.d.a.OptionalLiveReloadServer       : LiveReload server is running on port 35729
2022-09-22 00:11:03.942  INFO 16352 --- [restartedMain] o.s.b.w.embedded.tomcat.TomcatWebServer  : Tomcat started on port(s): 8090 (http) with context path '/cozyCatsAdmin'
2022-09-22 00:11:03.968  INFO 16352 --- [restartedMain] c.c.c.admin.CozyCatsBackEndApplication   : Started CozyCatsBackEndApplication in 14.426 seconds (JVM running for 17.992)
2022-09-22 00:11:36.821  INFO 16352 --- [Thread-5] j.LocalContainerEntityManagerFactoryBean : Closing JPA EntityManagerFactory for persistence unit 'default'
2022-09-22 00:11:36.828  INFO 16352 --- [Thread-5] com.zaxxer.hikari.HikariDataSource       : HikariPool-1 - Shutdown initiated...
2022-09-22 00:11:36.839  INFO 16352 --- [Thread-5] com.zaxxer.hikari.HikariDataSource       : HikariPool-1 - Shutdown completed.
2022-09-22 00:12:13.867  INFO 16352 --- [restartedMain] c.c.c.admin.CozyCatsBackEndApplication   : Starting CozyCatsBackEndApplication using Java 18.0.2.1 on DESKTOP-VJI1G5T with PID 16352 (C:\Users\DELL\Spring\eCommerseJavaProject\cozyCatsWebParent\cozyCatsBackEnd\target\classes started by DELL in C:\Users\DELL\Spring\eCommerseJavaProject\cozyCatsWebParent\cozyCatsBackEnd)
2022-09-22 00:12:13.868  INFO 16352 --- [restartedMain] c.c.c.admin.CozyCatsBackEndApplication   : No active profile set, falling back to 1 default profile: "default"
2022-09-22 00:12:14.904  INFO 16352 --- [restartedMain] .s.d.r.c.RepositoryConfigurationDelegate : Bootstrapping Spring Data JPA repositories in DEFAULT mode.
2022-09-22 00:12:14.974  INFO 16352 --- [restartedMain] .s.d.r.c.RepositoryConfigurationDelegate : Finished Spring Data repository scanning in 63 ms. Found 3 JPA repository interfaces.
2022-09-22 00:12:15.324  INFO 16352 --- [restartedMain] o.s.b.w.embedded.tomcat.TomcatWebServer  : Tomcat initialized with port(s): 8090 (http)
2022-09-22 00:12:15.325  INFO 16352 --- [restartedMain] o.apache.catalina.core.StandardService   : Starting service [Tomcat]
2022-09-22 00:12:15.326  INFO 16352 --- [restartedMain] org.apache.catalina.core.StandardEngine  : Starting Servlet engine: [Apache Tomcat/9.0.63]
2022-09-22 00:12:15.383  INFO 16352 --- [restartedMain] o.a.c.c.C.[.[.[/cozyCatsAdmin]           : Initializing Spring embedded WebApplicationContext
2022-09-22 00:12:15.385  INFO 16352 --- [restartedMain] w.s.c.ServletWebServerApplicationContext : Root WebApplicationContext: initialization completed in 1495 ms
2022-09-22 00:12:15.507  INFO 16352 --- [restartedMain] o.hibernate.jpa.internal.util.LogHelper  : HHH000204: Processing PersistenceUnitInfo [name: default]
2022-09-22 00:12:15.518  INFO 16352 --- [restartedMain] com.zaxxer.hikari.HikariDataSource       : HikariPool-2 - Starting...
2022-09-22 00:12:15.524  INFO 16352 --- [restartedMain] com.zaxxer.hikari.HikariDataSource       : HikariPool-2 - Start completed.
2022-09-22 00:12:15.525  INFO 16352 --- [restartedMain] org.hibernate.dialect.Dialect            : HHH000400: Using dialect: org.hibernate.dialect.MySQL8Dialect
2022-09-22 00:12:15.844  INFO 16352 --- [restartedMain] o.h.e.t.j.p.i.JtaPlatformInitiator       : HHH000490: Using JtaPlatform implementation: [org.hibernate.engine.transaction.jta.platform.internal.NoJtaPlatform]
2022-09-22 00:12:15.844  INFO 16352 --- [restartedMain] j.LocalContainerEntityManagerFactoryBean : Initialized JPA EntityManagerFactory for persistence unit 'default'
2022-09-22 00:12:15.972  WARN 16352 --- [restartedMain] JpaBaseConfiguration$JpaWebConfiguration : spring.jpa.open-in-view is enabled by default. Therefore, database queries may be performed during view rendering. Explicitly configure spring.jpa.open-in-view to disable this warning
2022-09-22 00:12:16.134  WARN 16352 --- [restartedMain] o.s.s.c.a.web.builders.WebSecurity       : You are asking Spring Security to ignore Ant [pattern='/**/*.js']. This is not recommended -- please use permitAll via HttpSecurity#authorizeHttpRequests instead.
2022-09-22 00:12:16.134  INFO 16352 --- [restartedMain] o.s.s.web.DefaultSecurityFilterChain     : Will not secure Ant [pattern='/**/*.js']
2022-09-22 00:12:16.135  WARN 16352 --- [restartedMain] o.s.s.c.a.web.builders.WebSecurity       : You are asking Spring Security to ignore Ant [pattern='/**/*.css']. This is not recommended -- please use permitAll via HttpSecurity#authorizeHttpRequests instead.
2022-09-22 00:12:16.136  INFO 16352 --- [restartedMain] o.s.s.web.DefaultSecurityFilterChain     : Will not secure Ant [pattern='/**/*.css']
2022-09-22 00:12:16.136  WARN 16352 --- [restartedMain] o.s.s.c.a.web.builders.WebSecurity       : You are asking Spring Security to ignore Ant [pattern='/**/*.png']. This is not recommended -- please use permitAll via HttpSecurity#authorizeHttpRequests instead.
2022-09-22 00:12:16.136  INFO 16352 --- [restartedMain] o.s.s.web.DefaultSecurityFilterChain     : Will not secure Ant [pattern='/**/*.png']
2022-09-22 00:12:16.171  INFO 16352 --- [restartedMain] o.s.s.web.DefaultSecurityFilterChain     : Will secure any request with [org.springframework.security.web.context.request.async.WebAsyncManagerIntegrationFilter@39eead24, org.springframework.security.web.context.SecurityContextPersistenceFilter@201d8fe5, org.springframework.security.web.header.HeaderWriterFilter@453daca7, org.springframework.security.web.csrf.CsrfFilter@3714be01, org.springframework.security.web.authentication.logout.LogoutFilter@35c714e5, org.springframework.security.web.authentication.UsernamePasswordAuthenticationFilter@5ab1f795, org.springframework.security.web.savedrequest.RequestCacheAwareFilter@3dc6878b, org.springframework.security.web.servletapi.SecurityContextHolderAwareRequestFilter@15364c00, org.springframework.security.web.authentication.rememberme.RememberMeAuthenticationFilter@511356a9, org.springframework.security.web.authentication.AnonymousAuthenticationFilter@661c58f4, org.springframework.security.web.session.SessionManagementFilter@326bdb1f, org.springframework.security.web.access.ExceptionTranslationFilter@2257e237, org.springframework.security.web.access.intercept.FilterSecurityInterceptor@5d505fa2]
2022-09-22 00:12:16.385  INFO 16352 --- [restartedMain] o.s.b.a.w.s.WelcomePageHandlerMapping    : Adding welcome page template: index
2022-09-22 00:12:17.892  INFO 16352 --- [restartedMain] o.s.b.d.a.OptionalLiveReloadServer       : LiveReload server is running on port 35729
2022-09-22 00:12:17.972  INFO 16352 --- [restartedMain] o.s.b.w.embedded.tomcat.TomcatWebServer  : Tomcat started on port(s): 8090 (http) with context path '/cozyCatsAdmin'
2022-09-22 00:12:17.988  INFO 16352 --- [restartedMain] c.c.c.admin.CozyCatsBackEndApplication   : Started CozyCatsBackEndApplication in 4.243 seconds (JVM running for 92.011)
2022-09-22 00:12:18.000  INFO 16352 --- [restartedMain] .ConditionEvaluationDeltaLoggingListener : Condition evaluation unchanged
2022-09-22 00:12:56.171  INFO 16352 --- [Thread-7] j.LocalContainerEntityManagerFactoryBean : Closing JPA EntityManagerFactory for persistence unit 'default'
2022-09-22 00:12:56.172  INFO 16352 --- [Thread-7] com.zaxxer.hikari.HikariDataSource       : HikariPool-2 - Shutdown initiated...
2022-09-22 00:12:56.176  INFO 16352 --- [Thread-7] com.zaxxer.hikari.HikariDataSource       : HikariPool-2 - Shutdown completed.
2022-09-22 00:12:56.401  INFO 16352 --- [restartedMain] c.c.c.admin.CozyCatsBackEndApplication   : Starting CozyCatsBackEndApplication using Java 18.0.2.1 on DESKTOP-VJI1G5T with PID 16352 (C:\Users\DELL\Spring\eCommerseJavaProject\cozyCatsWebParent\cozyCatsBackEnd\target\classes started by DELL in C:\Users\DELL\Spring\eCommerseJavaProject\cozyCatsWebParent\cozyCatsBackEnd)
2022-09-22 00:12:56.402  INFO 16352 --- [restartedMain] c.c.c.admin.CozyCatsBackEndApplication   : No active profile set, falling back to 1 default profile: "default"
2022-09-22 00:12:57.107  INFO 16352 --- [restartedMain] .s.d.r.c.RepositoryConfigurationDelegate : Bootstrapping Spring Data JPA repositories in DEFAULT mode.
2022-09-22 00:12:57.157  INFO 16352 --- [restartedMain] .s.d.r.c.RepositoryConfigurationDelegate : Finished Spring Data repository scanning in 49 ms. Found 3 JPA repository interfaces.
2022-09-22 00:12:57.473  INFO 16352 --- [restartedMain] o.s.b.w.embedded.tomcat.TomcatWebServer  : Tomcat initialized with port(s): 8090 (http)
2022-09-22 00:12:57.474  INFO 16352 --- [restartedMain] o.apache.catalina.core.StandardService   : Starting service [Tomcat]
2022-09-22 00:12:57.475  INFO 16352 --- [restartedMain] org.apache.catalina.core.StandardEngine  : Starting Servlet engine: [Apache Tomcat/9.0.63]
2022-09-22 00:12:57.540  INFO 16352 --- [restartedMain] o.a.c.c.C.[.[.[/cozyCatsAdmin]           : Initializing Spring embedded WebApplicationContext
2022-09-22 00:12:57.541  INFO 16352 --- [restartedMain] w.s.c.ServletWebServerApplicationContext : Root WebApplicationContext: initialization completed in 1125 ms
2022-09-22 00:12:57.637  INFO 16352 --- [restartedMain] o.hibernate.jpa.internal.util.LogHelper  : HHH000204: Processing PersistenceUnitInfo [name: default]
2022-09-22 00:12:57.674  INFO 16352 --- [restartedMain] com.zaxxer.hikari.HikariDataSource       : HikariPool-3 - Starting...
2022-09-22 00:12:57.700  INFO 16352 --- [restartedMain] com.zaxxer.hikari.HikariDataSource       : HikariPool-3 - Start completed.
2022-09-22 00:12:57.701  INFO 16352 --- [restartedMain] org.hibernate.dialect.Dialect            : HHH000400: Using dialect: org.hibernate.dialect.MySQL8Dialect
2022-09-22 00:12:58.162  INFO 16352 --- [restartedMain] o.h.e.t.j.p.i.JtaPlatformInitiator       : HHH000490: Using JtaPlatform implementation: [org.hibernate.engine.transaction.jta.platform.internal.NoJtaPlatform]
2022-09-22 00:12:58.163  INFO 16352 --- [restartedMain] j.LocalContainerEntityManagerFactoryBean : Initialized JPA EntityManagerFactory for persistence unit 'default'
2022-09-22 00:12:58.328  WARN 16352 --- [restartedMain] JpaBaseConfiguration$JpaWebConfiguration : spring.jpa.open-in-view is enabled by default. Therefore, database queries may be performed during view rendering. Explicitly configure spring.jpa.open-in-view to disable this warning
2022-09-22 00:12:58.562  WARN 16352 --- [restartedMain] o.s.s.c.a.web.builders.WebSecurity       : You are asking Spring Security to ignore Ant [pattern='/**/*.js']. This is not recommended -- please use permitAll via HttpSecurity#authorizeHttpRequests instead.
2022-09-22 00:12:58.564  INFO 16352 --- [restartedMain] o.s.s.web.DefaultSecurityFilterChain     : Will not secure Ant [pattern='/**/*.js']
2022-09-22 00:12:58.564  WARN 16352 --- [restartedMain] o.s.s.c.a.web.builders.WebSecurity       : You are asking Spring Security to ignore Ant [pattern='/**/*.css']. This is not recommended -- please use permitAll via HttpSecurity#authorizeHttpRequests instead.
2022-09-22 00:12:58.564  INFO 16352 --- [restartedMain] o.s.s.web.DefaultSecurityFilterChain     : Will not secure Ant [pattern='/**/*.css']
2022-09-22 00:12:58.564  WARN 16352 --- [restartedMain] o.s.s.c.a.web.builders.WebSecurity       : You are asking Spring Security to ignore Ant [pattern='/**/*.png']. This is not recommended -- please use permitAll via HttpSecurity#authorizeHttpRequests instead.
2022-09-22 00:12:58.564  INFO 16352 --- [restartedMain] o.s.s.web.DefaultSecurityFilterChain     : Will not secure Ant [pattern='/**/*.png']
2022-09-22 00:12:58.586  INFO 16352 --- [restartedMain] o.s.s.web.DefaultSecurityFilterChain     : Will secure any request with [org.springframework.security.web.context.request.async.WebAsyncManagerIntegrationFilter@1fb66e3c, org.springframework.security.web.context.SecurityContextPersistenceFilter@ae739ca, org.springframework.security.web.header.HeaderWriterFilter@46f7b659, org.springframework.security.web.csrf.CsrfFilter@7e932d0c, org.springframework.security.web.authentication.logout.LogoutFilter@596e4d0c, org.springframework.security.web.authentication.UsernamePasswordAuthenticationFilter@20b7d278, org.springframework.security.web.savedrequest.RequestCacheAwareFilter@20917c37, org.springframework.security.web.servletapi.SecurityContextHolderAwareRequestFilter@5b2f5302, org.springframework.security.web.authentication.rememberme.RememberMeAuthenticationFilter@64973681, org.springframework.security.web.authentication.AnonymousAuthenticationFilter@3706dcdd, org.springframework.security.web.session.SessionManagementFilter@6d7b9224, org.springframework.security.web.access.ExceptionTranslationFilter@605940a9, org.springframework.security.web.access.intercept.FilterSecurityInterceptor@22d1492e]
2022-09-22 00:12:58.843  INFO 16352 --- [restartedMain] o.s.b.a.w.s.WelcomePageHandlerMapping    : Adding welcome page template: index
2022-09-22 00:13:00.863  INFO 16352 --- [restartedMain] o.s.b.d.a.OptionalLiveReloadServer       : LiveReload server is running on port 35729
2022-09-22 00:13:00.938  INFO 16352 --- [restartedMain] o.s.b.w.embedded.tomcat.TomcatWebServer  : Tomcat started on port(s): 8090 (http) with context path '/cozyCatsAdmin'
2022-09-22 00:13:00.949  INFO 16352 --- [restartedMain] c.c.c.admin.CozyCatsBackEndApplication   : Started CozyCatsBackEndApplication in 4.663 seconds (JVM running for 134.973)
2022-09-22 00:13:00.953  INFO 16352 --- [restartedMain] .ConditionEvaluationDeltaLoggingListener : Condition evaluation unchanged
2022-09-22 00:14:05.659  INFO 16352 --- [Thread-13] j.LocalContainerEntityManagerFactoryBean : Closing JPA EntityManagerFactory for persistence unit 'default'
2022-09-22 00:14:05.663  INFO 16352 --- [Thread-13] com.zaxxer.hikari.HikariDataSource       : HikariPool-3 - Shutdown initiated...
2022-09-22 00:14:05.709  INFO 16352 --- [Thread-13] com.zaxxer.hikari.HikariDataSource       : HikariPool-3 - Shutdown completed.
2022-09-22 00:14:05.967  INFO 16352 --- [restartedMain] c.c.c.admin.CozyCatsBackEndApplication   : Starting CozyCatsBackEndApplication using Java 18.0.2.1 on DESKTOP-VJI1G5T with PID 16352 (C:\Users\DELL\Spring\eCommerseJavaProject\cozyCatsWebParent\cozyCatsBackEnd\target\classes started by DELL in C:\Users\DELL\Spring\eCommerseJavaProject\cozyCatsWebParent\cozyCatsBackEnd)
2022-09-22 00:14:05.968  INFO 16352 --- [restartedMain] c.c.c.admin.CozyCatsBackEndApplication   : No active profile set, falling back to 1 default profile: "default"
2022-09-22 00:14:07.316  INFO 16352 --- [restartedMain] .s.d.r.c.RepositoryConfigurationDelegate : Bootstrapping Spring Data JPA repositories in DEFAULT mode.
2022-09-22 00:14:07.413  INFO 16352 --- [restartedMain] .s.d.r.c.RepositoryConfigurationDelegate : Finished Spring Data repository scanning in 96 ms. Found 3 JPA repository interfaces.
2022-09-22 00:14:07.883  INFO 16352 --- [restartedMain] o.s.b.w.embedded.tomcat.TomcatWebServer  : Tomcat initialized with port(s): 8090 (http)
2022-09-22 00:14:07.885  INFO 16352 --- [restartedMain] o.apache.catalina.core.StandardService   : Starting service [Tomcat]
2022-09-22 00:14:07.886  INFO 16352 --- [restartedMain] org.apache.catalina.core.StandardEngine  : Starting Servlet engine: [Apache Tomcat/9.0.63]
2022-09-22 00:14:07.949  INFO 16352 --- [restartedMain] o.a.c.c.C.[.[.[/cozyCatsAdmin]           : Initializing Spring embedded WebApplicationContext
2022-09-22 00:14:07.950  INFO 16352 --- [restartedMain] w.s.c.ServletWebServerApplicationContext : Root WebApplicationContext: initialization completed in 1959 ms
2022-09-22 00:14:08.057  INFO 16352 --- [restartedMain] o.hibernate.jpa.internal.util.LogHelper  : HHH000204: Processing PersistenceUnitInfo [name: default]
2022-09-22 00:14:08.090  INFO 16352 --- [restartedMain] com.zaxxer.hikari.HikariDataSource       : HikariPool-4 - Starting...
2022-09-22 00:14:08.098  INFO 16352 --- [restartedMain] com.zaxxer.hikari.HikariDataSource       : HikariPool-4 - Start completed.
2022-09-22 00:14:08.099  INFO 16352 --- [restartedMain] org.hibernate.dialect.Dialect            : HHH000400: Using dialect: org.hibernate.dialect.MySQL8Dialect
2022-09-22 00:14:08.545  INFO 16352 --- [restartedMain] o.h.e.t.j.p.i.JtaPlatformInitiator       : HHH000490: Using JtaPlatform implementation: [org.hibernate.engine.transaction.jta.platform.internal.NoJtaPlatform]
2022-09-22 00:14:08.545  INFO 16352 --- [restartedMain] j.LocalContainerEntityManagerFactoryBean : Initialized JPA EntityManagerFactory for persistence unit 'default'
2022-09-22 00:14:08.718  WARN 16352 --- [restartedMain] JpaBaseConfiguration$JpaWebConfiguration : spring.jpa.open-in-view is enabled by default. Therefore, database queries may be performed during view rendering. Explicitly configure spring.jpa.open-in-view to disable this warning
2022-09-22 00:14:08.894  WARN 16352 --- [restartedMain] o.s.s.c.a.web.builders.WebSecurity       : You are asking Spring Security to ignore Ant [pattern='/**/*.js']. This is not recommended -- please use permitAll via HttpSecurity#authorizeHttpRequests instead.
2022-09-22 00:14:08.894  INFO 16352 --- [restartedMain] o.s.s.web.DefaultSecurityFilterChain     : Will not secure Ant [pattern='/**/*.js']
2022-09-22 00:14:08.894  WARN 16352 --- [restartedMain] o.s.s.c.a.web.builders.WebSecurity       : You are asking Spring Security to ignore Ant [pattern='/**/*.css']. This is not recommended -- please use permitAll via HttpSecurity#authorizeHttpRequests instead.
2022-09-22 00:14:08.895  INFO 16352 --- [restartedMain] o.s.s.web.DefaultSecurityFilterChain     : Will not secure Ant [pattern='/**/*.css']
2022-09-22 00:14:08.895  WARN 16352 --- [restartedMain] o.s.s.c.a.web.builders.WebSecurity       : You are asking Spring Security to ignore Ant [pattern='/**/*.png']. This is not recommended -- please use permitAll via HttpSecurity#authorizeHttpRequests instead.
2022-09-22 00:14:08.895  INFO 16352 --- [restartedMain] o.s.s.web.DefaultSecurityFilterChain     : Will not secure Ant [pattern='/**/*.png']
2022-09-22 00:14:08.922  INFO 16352 --- [restartedMain] o.s.s.web.DefaultSecurityFilterChain     : Will secure any request with [org.springframework.security.web.context.request.async.WebAsyncManagerIntegrationFilter@d9bd8fa, org.springframework.security.web.context.SecurityContextPersistenceFilter@759eeb6d, org.springframework.security.web.header.HeaderWriterFilter@6491342a, org.springframework.security.web.csrf.CsrfFilter@2e7c44ae, org.springframework.security.web.authentication.logout.LogoutFilter@28743e8f, org.springframework.security.web.authentication.UsernamePasswordAuthenticationFilter@62b12cc8, org.springframework.security.web.savedrequest.RequestCacheAwareFilter@35e4532d, org.springframework.security.web.servletapi.SecurityContextHolderAwareRequestFilter@58b901df, org.springframework.security.web.authentication.rememberme.RememberMeAuthenticationFilter@2500a4da, org.springframework.security.web.authentication.AnonymousAuthenticationFilter@76e0329f, org.springframework.security.web.session.SessionManagementFilter@390b81d6, org.springframework.security.web.access.ExceptionTranslationFilter@2b9d64ef, org.springframework.security.web.access.intercept.FilterSecurityInterceptor@3319033d]
2022-09-22 00:14:09.081  INFO 16352 --- [restartedMain] o.s.b.a.w.s.WelcomePageHandlerMapping    : Adding welcome page template: index
2022-09-22 00:14:10.014  INFO 16352 --- [restartedMain] o.s.b.d.a.OptionalLiveReloadServer       : LiveReload server is running on port 35729
2022-09-22 00:14:10.055  INFO 16352 --- [restartedMain] o.s.b.w.embedded.tomcat.TomcatWebServer  : Tomcat started on port(s): 8090 (http) with context path '/cozyCatsAdmin'
2022-09-22 00:14:10.065  INFO 16352 --- [restartedMain] c.c.c.admin.CozyCatsBackEndApplication   : Started CozyCatsBackEndApplication in 4.24 seconds (JVM running for 204.089)
2022-09-22 00:14:10.085  INFO 16352 --- [restartedMain] .ConditionEvaluationDeltaLoggingListener : Condition evaluation unchanged
2022-09-22 00:14:40.259  INFO 16352 --- [SpringApplicationShutdownHook] j.LocalContainerEntityManagerFactoryBean : Closing JPA EntityManagerFactory for persistence unit 'default'
2022-09-22 00:14:40.261  INFO 16352 --- [SpringApplicationShutdownHook] com.zaxxer.hikari.HikariDataSource       : HikariPool-4 - Shutdown initiated...
2022-09-22 00:14:40.267  INFO 16352 --- [SpringApplicationShutdownHook] com.zaxxer.hikari.HikariDataSource       : HikariPool-4 - Shutdown completed.
2022-09-22 00:14:49.859  INFO 21600 --- [restartedMain] c.c.c.admin.CozyCatsBackEndApplication   : Starting CozyCatsBackEndApplication using Java 18.0.2.1 on DESKTOP-VJI1G5T with PID 21600 (C:\Users\DELL\Spring\eCommerseJavaProject\cozyCatsWebParent\cozyCatsBackEnd\target\classes started by DELL in C:\Users\DELL\Spring\eCommerseJavaProject\cozyCatsWebParent\cozyCatsBackEnd)
2022-09-22 00:14:49.861  INFO 21600 --- [restartedMain] c.c.c.admin.CozyCatsBackEndApplication   : No active profile set, falling back to 1 default profile: "default"
2022-09-22 00:14:50.020  INFO 21600 --- [restartedMain] .e.DevToolsPropertyDefaultsPostProcessor : Devtools property defaults active! Set 'spring.devtools.add-properties' to 'false' to disable
2022-09-22 00:14:50.021  INFO 21600 --- [restartedMain] .e.DevToolsPropertyDefaultsPostProcessor : For additional web related logging consider setting the 'logging.level.web' property to 'DEBUG'
2022-09-22 00:14:52.750  INFO 21600 --- [restartedMain] .s.d.r.c.RepositoryConfigurationDelegate : Bootstrapping Spring Data JPA repositories in DEFAULT mode.
2022-09-22 00:14:53.039  INFO 21600 --- [restartedMain] .s.d.r.c.RepositoryConfigurationDelegate : Finished Spring Data repository scanning in 257 ms. Found 3 JPA repository interfaces.
2022-09-22 00:14:54.809  INFO 21600 --- [restartedMain] o.s.b.w.embedded.tomcat.TomcatWebServer  : Tomcat initialized with port(s): 8090 (http)
2022-09-22 00:14:54.824  INFO 21600 --- [restartedMain] o.apache.catalina.core.StandardService   : Starting service [Tomcat]
2022-09-22 00:14:54.825  INFO 21600 --- [restartedMain] org.apache.catalina.core.StandardEngine  : Starting Servlet engine: [Apache Tomcat/9.0.63]
2022-09-22 00:14:55.012  INFO 21600 --- [restartedMain] o.a.c.c.C.[.[.[/cozyCatsAdmin]           : Initializing Spring embedded WebApplicationContext
2022-09-22 00:14:55.013  INFO 21600 --- [restartedMain] w.s.c.ServletWebServerApplicationContext : Root WebApplicationContext: initialization completed in 4990 ms
2022-09-22 00:14:55.394  INFO 21600 --- [restartedMain] o.hibernate.jpa.internal.util.LogHelper  : HHH000204: Processing PersistenceUnitInfo [name: default]
2022-09-22 00:14:55.539  INFO 21600 --- [restartedMain] org.hibernate.Version                    : HHH000412: Hibernate ORM core version 5.6.9.Final
2022-09-22 00:14:55.939  INFO 21600 --- [restartedMain] o.hibernate.annotations.common.Version   : HCANN000001: Hibernate Commons Annotations {5.1.2.Final}
2022-09-22 00:14:56.261  INFO 21600 --- [restartedMain] com.zaxxer.hikari.HikariDataSource       : HikariPool-1 - Starting...
2022-09-22 00:14:57.104  INFO 21600 --- [restartedMain] com.zaxxer.hikari.HikariDataSource       : HikariPool-1 - Start completed.
2022-09-22 00:14:57.159  INFO 21600 --- [restartedMain] org.hibernate.dialect.Dialect            : HHH000400: Using dialect: org.hibernate.dialect.MySQL8Dialect
2022-09-22 00:14:58.561  INFO 21600 --- [restartedMain] o.h.e.t.j.p.i.JtaPlatformInitiator       : HHH000490: Using JtaPlatform implementation: [org.hibernate.engine.transaction.jta.platform.internal.NoJtaPlatform]
2022-09-22 00:14:58.574  INFO 21600 --- [restartedMain] j.LocalContainerEntityManagerFactoryBean : Initialized JPA EntityManagerFactory for persistence unit 'default'
2022-09-22 00:14:59.125  WARN 21600 --- [restartedMain] JpaBaseConfiguration$JpaWebConfiguration : spring.jpa.open-in-view is enabled by default. Therefore, database queries may be performed during view rendering. Explicitly configure spring.jpa.open-in-view to disable this warning
2022-09-22 00:14:59.716  WARN 21600 --- [restartedMain] o.s.s.c.a.web.builders.WebSecurity       : You are asking Spring Security to ignore Ant [pattern='/**/*.js']. This is not recommended -- please use permitAll via HttpSecurity#authorizeHttpRequests instead.
2022-09-22 00:14:59.717  INFO 21600 --- [restartedMain] o.s.s.web.DefaultSecurityFilterChain     : Will not secure Ant [pattern='/**/*.js']
2022-09-22 00:14:59.718  WARN 21600 --- [restartedMain] o.s.s.c.a.web.builders.WebSecurity       : You are asking Spring Security to ignore Ant [pattern='/**/*.css']. This is not recommended -- please use permitAll via HttpSecurity#authorizeHttpRequests instead.
2022-09-22 00:14:59.718  INFO 21600 --- [restartedMain] o.s.s.web.DefaultSecurityFilterChain     : Will not secure Ant [pattern='/**/*.css']
2022-09-22 00:14:59.718  WARN 21600 --- [restartedMain] o.s.s.c.a.web.builders.WebSecurity       : You are asking Spring Security to ignore Ant [pattern='/**/*.png']. This is not recommended -- please use permitAll via HttpSecurity#authorizeHttpRequests instead.
2022-09-22 00:14:59.718  INFO 21600 --- [restartedMain] o.s.s.web.DefaultSecurityFilterChain     : Will not secure Ant [pattern='/**/*.png']
2022-09-22 00:14:59.796  INFO 21600 --- [restartedMain] o.s.s.web.DefaultSecurityFilterChain     : Will secure any request with [org.springframework.security.web.context.request.async.WebAsyncManagerIntegrationFilter@21c18022, org.springframework.security.web.context.SecurityContextPersistenceFilter@25b789f2, org.springframework.security.web.header.HeaderWriterFilter@46a444ea, org.springframework.security.web.csrf.CsrfFilter@ef21883, org.springframework.security.web.authentication.logout.LogoutFilter@4bb2478f, org.springframework.security.web.authentication.UsernamePasswordAuthenticationFilter@5bc2220a, org.springframework.security.web.savedrequest.RequestCacheAwareFilter@32aca63e, org.springframework.security.web.servletapi.SecurityContextHolderAwareRequestFilter@63ff0999, org.springframework.security.web.authentication.rememberme.RememberMeAuthenticationFilter@d1871e8, org.springframework.security.web.authentication.AnonymousAuthenticationFilter@512e0bcc, org.springframework.security.web.session.SessionManagementFilter@7899ef83, org.springframework.security.web.access.ExceptionTranslationFilter@698352b0, org.springframework.security.web.access.intercept.FilterSecurityInterceptor@3122ea6b]
2022-09-22 00:15:00.042  INFO 21600 --- [restartedMain] o.s.b.a.w.s.WelcomePageHandlerMapping    : Adding welcome page template: index
2022-09-22 00:15:01.043  INFO 21600 --- [restartedMain] o.s.b.d.a.OptionalLiveReloadServer       : LiveReload server is running on port 35729
2022-09-22 00:15:01.101  INFO 21600 --- [restartedMain] o.s.b.w.embedded.tomcat.TomcatWebServer  : Tomcat started on port(s): 8090 (http) with context path '/cozyCatsAdmin'
2022-09-22 00:15:01.116  INFO 21600 --- [restartedMain] c.c.c.admin.CozyCatsBackEndApplication   : Started CozyCatsBackEndApplication in 12.486 seconds (JVM running for 14.922)
2022-09-22 00:17:52.089  INFO 21600 --- [Thread-5] j.LocalContainerEntityManagerFactoryBean : Closing JPA EntityManagerFactory for persistence unit 'default'
2022-09-22 00:17:52.096  INFO 21600 --- [Thread-5] com.zaxxer.hikari.HikariDataSource       : HikariPool-1 - Shutdown initiated...
2022-09-22 00:17:52.123  INFO 21600 --- [Thread-5] com.zaxxer.hikari.HikariDataSource       : HikariPool-1 - Shutdown completed.
2022-09-22 00:17:52.615  INFO 21600 --- [restartedMain] c.c.c.admin.CozyCatsBackEndApplication   : Starting CozyCatsBackEndApplication using Java 18.0.2.1 on DESKTOP-VJI1G5T with PID 21600 (C:\Users\DELL\Spring\eCommerseJavaProject\cozyCatsWebParent\cozyCatsBackEnd\target\classes started by DELL in C:\Users\DELL\Spring\eCommerseJavaProject\cozyCatsWebParent\cozyCatsBackEnd)
2022-09-22 00:17:52.616  INFO 21600 --- [restartedMain] c.c.c.admin.CozyCatsBackEndApplication   : No active profile set, falling back to 1 default profile: "default"
2022-09-22 00:17:53.810  INFO 21600 --- [restartedMain] .s.d.r.c.RepositoryConfigurationDelegate : Bootstrapping Spring Data JPA repositories in DEFAULT mode.
2022-09-22 00:17:53.884  INFO 21600 --- [restartedMain] .s.d.r.c.RepositoryConfigurationDelegate : Finished Spring Data repository scanning in 71 ms. Found 3 JPA repository interfaces.
2022-09-22 00:17:54.338  INFO 21600 --- [restartedMain] o.s.b.w.embedded.tomcat.TomcatWebServer  : Tomcat initialized with port(s): 8090 (http)
2022-09-22 00:17:54.339  INFO 21600 --- [restartedMain] o.apache.catalina.core.StandardService   : Starting service [Tomcat]
2022-09-22 00:17:54.339  INFO 21600 --- [restartedMain] org.apache.catalina.core.StandardEngine  : Starting Servlet engine: [Apache Tomcat/9.0.63]
2022-09-22 00:17:54.389  INFO 21600 --- [restartedMain] o.a.c.c.C.[.[.[/cozyCatsAdmin]           : Initializing Spring embedded WebApplicationContext
2022-09-22 00:17:54.389  INFO 21600 --- [restartedMain] w.s.c.ServletWebServerApplicationContext : Root WebApplicationContext: initialization completed in 1762 ms
2022-09-22 00:17:54.468  INFO 21600 --- [restartedMain] o.hibernate.jpa.internal.util.LogHelper  : HHH000204: Processing PersistenceUnitInfo [name: default]
2022-09-22 00:17:54.481  INFO 21600 --- [restartedMain] com.zaxxer.hikari.HikariDataSource       : HikariPool-2 - Starting...
2022-09-22 00:17:54.489  INFO 21600 --- [restartedMain] com.zaxxer.hikari.HikariDataSource       : HikariPool-2 - Start completed.
2022-09-22 00:17:54.489  INFO 21600 --- [restartedMain] org.hibernate.dialect.Dialect            : HHH000400: Using dialect: org.hibernate.dialect.MySQL8Dialect
2022-09-22 00:17:55.056  INFO 21600 --- [restartedMain] o.h.e.t.j.p.i.JtaPlatformInitiator       : HHH000490: Using JtaPlatform implementation: [org.hibernate.engine.transaction.jta.platform.internal.NoJtaPlatform]
2022-09-22 00:17:55.056  INFO 21600 --- [restartedMain] j.LocalContainerEntityManagerFactoryBean : Initialized JPA EntityManagerFactory for persistence unit 'default'
2022-09-22 00:17:55.179  WARN 21600 --- [restartedMain] JpaBaseConfiguration$JpaWebConfiguration : spring.jpa.open-in-view is enabled by default. Therefore, database queries may be performed during view rendering. Explicitly configure spring.jpa.open-in-view to disable this warning
2022-09-22 00:17:55.563  WARN 21600 --- [restartedMain] o.s.s.c.a.web.builders.WebSecurity       : You are asking Spring Security to ignore Ant [pattern='/**/*.js']. This is not recommended -- please use permitAll via HttpSecurity#authorizeHttpRequests instead.
2022-09-22 00:17:55.563  INFO 21600 --- [restartedMain] o.s.s.web.DefaultSecurityFilterChain     : Will not secure Ant [pattern='/**/*.js']
2022-09-22 00:17:55.563  WARN 21600 --- [restartedMain] o.s.s.c.a.web.builders.WebSecurity       : You are asking Spring Security to ignore Ant [pattern='/**/*.css']. This is not recommended -- please use permitAll via HttpSecurity#authorizeHttpRequests instead.
2022-09-22 00:17:55.563  INFO 21600 --- [restartedMain] o.s.s.web.DefaultSecurityFilterChain     : Will not secure Ant [pattern='/**/*.css']
2022-09-22 00:17:55.563  WARN 21600 --- [restartedMain] o.s.s.c.a.web.builders.WebSecurity       : You are asking Spring Security to ignore Ant [pattern='/**/*.png']. This is not recommended -- please use permitAll via HttpSecurity#authorizeHttpRequests instead.
2022-09-22 00:17:55.564  INFO 21600 --- [restartedMain] o.s.s.web.DefaultSecurityFilterChain     : Will not secure Ant [pattern='/**/*.png']
2022-09-22 00:17:55.592  INFO 21600 --- [restartedMain] o.s.s.web.DefaultSecurityFilterChain     : Will secure any request with [org.springframework.security.web.context.request.async.WebAsyncManagerIntegrationFilter@5b32bbff, org.springframework.security.web.context.SecurityContextPersistenceFilter@55530073, org.springframework.security.web.header.HeaderWriterFilter@3555e70e, org.springframework.security.web.csrf.CsrfFilter@2a37fd51, org.springframework.security.web.authentication.logout.LogoutFilter@48846c77, org.springframework.security.web.authentication.UsernamePasswordAuthenticationFilter@1dd56d08, org.springframework.security.web.savedrequest.RequestCacheAwareFilter@26a442c, org.springframework.security.web.servletapi.SecurityContextHolderAwareRequestFilter@181daef8, org.springframework.security.web.authentication.rememberme.RememberMeAuthenticationFilter@761a2428, org.springframework.security.web.authentication.AnonymousAuthenticationFilter@5fed295a, org.springframework.security.web.session.SessionManagementFilter@409ba044, org.springframework.security.web.access.ExceptionTranslationFilter@37ac0855, org.springframework.security.web.access.intercept.FilterSecurityInterceptor@7e8f4a81]
2022-09-22 00:17:55.970  INFO 21600 --- [restartedMain] o.s.b.a.w.s.WelcomePageHandlerMapping    : Adding welcome page template: index
2022-09-22 00:17:57.488  INFO 21600 --- [restartedMain] o.s.b.d.a.OptionalLiveReloadServer       : LiveReload server is running on port 35729
2022-09-22 00:17:57.536  INFO 21600 --- [restartedMain] o.s.b.w.embedded.tomcat.TomcatWebServer  : Tomcat started on port(s): 8090 (http) with context path '/cozyCatsAdmin'
2022-09-22 00:17:57.556  INFO 21600 --- [restartedMain] c.c.c.admin.CozyCatsBackEndApplication   : Started CozyCatsBackEndApplication in 5.194 seconds (JVM running for 191.362)
2022-09-22 00:17:57.560  INFO 21600 --- [restartedMain] .ConditionEvaluationDeltaLoggingListener : Condition evaluation unchanged
2022-09-22 00:19:05.245  INFO 21600 --- [Thread-7] j.LocalContainerEntityManagerFactoryBean : Closing JPA EntityManagerFactory for persistence unit 'default'
2022-09-22 00:19:05.258  INFO 21600 --- [Thread-7] com.zaxxer.hikari.HikariDataSource       : HikariPool-2 - Shutdown initiated...
2022-09-22 00:19:05.321  INFO 21600 --- [Thread-7] com.zaxxer.hikari.HikariDataSource       : HikariPool-2 - Shutdown completed.
2022-09-22 00:19:05.616  INFO 21600 --- [restartedMain] c.c.c.admin.CozyCatsBackEndApplication   : Starting CozyCatsBackEndApplication using Java 18.0.2.1 on DESKTOP-VJI1G5T with PID 21600 (C:\Users\DELL\Spring\eCommerseJavaProject\cozyCatsWebParent\cozyCatsBackEnd\target\classes started by DELL in C:\Users\DELL\Spring\eCommerseJavaProject\cozyCatsWebParent\cozyCatsBackEnd)
2022-09-22 00:19:05.617  INFO 21600 --- [restartedMain] c.c.c.admin.CozyCatsBackEndApplication   : No active profile set, falling back to 1 default profile: "default"
2022-09-22 00:19:06.728  INFO 21600 --- [restartedMain] .s.d.r.c.RepositoryConfigurationDelegate : Bootstrapping Spring Data JPA repositories in DEFAULT mode.
2022-09-22 00:19:06.816  INFO 21600 --- [restartedMain] .s.d.r.c.RepositoryConfigurationDelegate : Finished Spring Data repository scanning in 86 ms. Found 3 JPA repository interfaces.
2022-09-22 00:19:07.335  INFO 21600 --- [restartedMain] o.s.b.w.embedded.tomcat.TomcatWebServer  : Tomcat initialized with port(s): 8090 (http)
2022-09-22 00:19:07.337  INFO 21600 --- [restartedMain] o.apache.catalina.core.StandardService   : Starting service [Tomcat]
2022-09-22 00:19:07.337  INFO 21600 --- [restartedMain] org.apache.catalina.core.StandardEngine  : Starting Servlet engine: [Apache Tomcat/9.0.63]
2022-09-22 00:19:07.461  INFO 21600 --- [restartedMain] o.a.c.c.C.[.[.[/cozyCatsAdmin]           : Initializing Spring embedded WebApplicationContext
2022-09-22 00:19:07.465  INFO 21600 --- [restartedMain] w.s.c.ServletWebServerApplicationContext : Root WebApplicationContext: initialization completed in 1831 ms
2022-09-22 00:19:07.648  INFO 21600 --- [restartedMain] o.hibernate.jpa.internal.util.LogHelper  : HHH000204: Processing PersistenceUnitInfo [name: default]
2022-09-22 00:19:07.666  INFO 21600 --- [restartedMain] com.zaxxer.hikari.HikariDataSource       : HikariPool-3 - Starting...
2022-09-22 00:19:07.684  INFO 21600 --- [restartedMain] com.zaxxer.hikari.HikariDataSource       : HikariPool-3 - Start completed.
2022-09-22 00:19:07.685  INFO 21600 --- [restartedMain] org.hibernate.dialect.Dialect            : HHH000400: Using dialect: org.hibernate.dialect.MySQL8Dialect
2022-09-22 00:19:13.341  INFO 21600 --- [restartedMain] o.h.e.t.j.p.i.JtaPlatformInitiator       : HHH000490: Using JtaPlatform implementation: [org.hibernate.engine.transaction.jta.platform.internal.NoJtaPlatform]
2022-09-22 00:19:13.341  INFO 21600 --- [restartedMain] j.LocalContainerEntityManagerFactoryBean : Initialized JPA EntityManagerFactory for persistence unit 'default'
2022-09-22 00:19:13.585  WARN 21600 --- [restartedMain] JpaBaseConfiguration$JpaWebConfiguration : spring.jpa.open-in-view is enabled by default. Therefore, database queries may be performed during view rendering. Explicitly configure spring.jpa.open-in-view to disable this warning
2022-09-22 00:19:14.033  WARN 21600 --- [restartedMain] o.s.s.c.a.web.builders.WebSecurity       : You are asking Spring Security to ignore Ant [pattern='/**/*.js']. This is not recommended -- please use permitAll via HttpSecurity#authorizeHttpRequests instead.
2022-09-22 00:19:14.034  INFO 21600 --- [restartedMain] o.s.s.web.DefaultSecurityFilterChain     : Will not secure Ant [pattern='/**/*.js']
2022-09-22 00:19:14.034  WARN 21600 --- [restartedMain] o.s.s.c.a.web.builders.WebSecurity       : You are asking Spring Security to ignore Ant [pattern='/**/*.css']. This is not recommended -- please use permitAll via HttpSecurity#authorizeHttpRequests instead.
2022-09-22 00:19:14.034  INFO 21600 --- [restartedMain] o.s.s.web.DefaultSecurityFilterChain     : Will not secure Ant [pattern='/**/*.css']
2022-09-22 00:19:14.035  WARN 21600 --- [restartedMain] o.s.s.c.a.web.builders.WebSecurity       : You are asking Spring Security to ignore Ant [pattern='/**/*.png']. This is not recommended -- please use permitAll via HttpSecurity#authorizeHttpRequests instead.
2022-09-22 00:19:14.035  INFO 21600 --- [restartedMain] o.s.s.web.DefaultSecurityFilterChain     : Will not secure Ant [pattern='/**/*.png']
2022-09-22 00:19:14.094  INFO 21600 --- [restartedMain] o.s.s.web.DefaultSecurityFilterChain     : Will secure any request with [org.springframework.security.web.context.request.async.WebAsyncManagerIntegrationFilter@457ca2b2, org.springframework.security.web.context.SecurityContextPersistenceFilter@79d0f99a, org.springframework.security.web.header.HeaderWriterFilter@67090a83, org.springframework.security.web.csrf.CsrfFilter@9d7c7b6, org.springframework.security.web.authentication.logout.LogoutFilter@decf5aa, org.springframework.security.web.authentication.UsernamePasswordAuthenticationFilter@31f8d218, org.springframework.security.web.savedrequest.RequestCacheAwareFilter@79b8c8a0, org.springframework.security.web.servletapi.SecurityContextHolderAwareRequestFilter@56ca9806, org.springframework.security.web.authentication.rememberme.RememberMeAuthenticationFilter@59a081ce, org.springframework.security.web.authentication.AnonymousAuthenticationFilter@7b1c0ce0, org.springframework.security.web.session.SessionManagementFilter@4e8d7d8a, org.springframework.security.web.access.ExceptionTranslationFilter@73de66d6, org.springframework.security.web.access.intercept.FilterSecurityInterceptor@48ded005]
2022-09-22 00:19:14.810  INFO 21600 --- [restartedMain] o.s.b.a.w.s.WelcomePageHandlerMapping    : Adding welcome page template: index
2022-09-22 00:19:16.710  INFO 21600 --- [restartedMain] o.s.b.d.a.OptionalLiveReloadServer       : LiveReload server is running on port 35729
2022-09-22 00:19:16.978  INFO 21600 --- [restartedMain] o.s.b.w.embedded.tomcat.TomcatWebServer  : Tomcat started on port(s): 8090 (http) with context path '/cozyCatsAdmin'
2022-09-22 00:19:16.987  INFO 21600 --- [restartedMain] c.c.c.admin.CozyCatsBackEndApplication   : Started CozyCatsBackEndApplication in 11.538 seconds (JVM running for 270.792)
2022-09-22 00:19:16.990  INFO 21600 --- [restartedMain] .ConditionEvaluationDeltaLoggingListener : Condition evaluation unchanged
2022-09-22 00:19:32.073  INFO 21600 --- [Thread-11] j.LocalContainerEntityManagerFactoryBean : Closing JPA EntityManagerFactory for persistence unit 'default'
2022-09-22 00:19:32.074  INFO 21600 --- [Thread-11] com.zaxxer.hikari.HikariDataSource       : HikariPool-3 - Shutdown initiated...
2022-09-22 00:19:32.109  INFO 21600 --- [Thread-11] com.zaxxer.hikari.HikariDataSource       : HikariPool-3 - Shutdown completed.
2022-09-22 00:19:33.141  INFO 21600 --- [restartedMain] c.c.c.admin.CozyCatsBackEndApplication   : Starting CozyCatsBackEndApplication using Java 18.0.2.1 on DESKTOP-VJI1G5T with PID 21600 (C:\Users\DELL\Spring\eCommerseJavaProject\cozyCatsWebParent\cozyCatsBackEnd\target\classes started by DELL in C:\Users\DELL\Spring\eCommerseJavaProject\cozyCatsWebParent\cozyCatsBackEnd)
2022-09-22 00:19:33.141  INFO 21600 --- [restartedMain] c.c.c.admin.CozyCatsBackEndApplication   : No active profile set, falling back to 1 default profile: "default"
2022-09-22 00:19:34.731  INFO 21600 --- [restartedMain] .s.d.r.c.RepositoryConfigurationDelegate : Bootstrapping Spring Data JPA repositories in DEFAULT mode.
2022-09-22 00:19:35.191  INFO 21600 --- [restartedMain] .s.d.r.c.RepositoryConfigurationDelegate : Finished Spring Data repository scanning in 321 ms. Found 3 JPA repository interfaces.
2022-09-22 00:19:36.028  INFO 21600 --- [restartedMain] o.s.b.w.embedded.tomcat.TomcatWebServer  : Tomcat initialized with port(s): 8090 (http)
2022-09-22 00:19:36.030  INFO 21600 --- [restartedMain] o.apache.catalina.core.StandardService   : Starting service [Tomcat]
2022-09-22 00:19:36.031  INFO 21600 --- [restartedMain] org.apache.catalina.core.StandardEngine  : Starting Servlet engine: [Apache Tomcat/9.0.63]
2022-09-22 00:19:36.086  INFO 21600 --- [restartedMain] o.a.c.c.C.[.[.[/cozyCatsAdmin]           : Initializing Spring embedded WebApplicationContext
2022-09-22 00:19:36.086  INFO 21600 --- [restartedMain] w.s.c.ServletWebServerApplicationContext : Root WebApplicationContext: initialization completed in 2936 ms
2022-09-22 00:19:36.220  INFO 21600 --- [restartedMain] o.hibernate.jpa.internal.util.LogHelper  : HHH000204: Processing PersistenceUnitInfo [name: default]
2022-09-22 00:19:36.252  INFO 21600 --- [restartedMain] com.zaxxer.hikari.HikariDataSource       : HikariPool-4 - Starting...
2022-09-22 00:19:36.258  INFO 21600 --- [restartedMain] com.zaxxer.hikari.HikariDataSource       : HikariPool-4 - Start completed.
2022-09-22 00:19:36.259  INFO 21600 --- [restartedMain] org.hibernate.dialect.Dialect            : HHH000400: Using dialect: org.hibernate.dialect.MySQL8Dialect
2022-09-22 00:19:36.467  INFO 21600 --- [restartedMain] o.h.e.t.j.p.i.JtaPlatformInitiator       : HHH000490: Using JtaPlatform implementation: [org.hibernate.engine.transaction.jta.platform.internal.NoJtaPlatform]
2022-09-22 00:19:36.468  INFO 21600 --- [restartedMain] j.LocalContainerEntityManagerFactoryBean : Initialized JPA EntityManagerFactory for persistence unit 'default'
2022-09-22 00:19:36.585  WARN 21600 --- [restartedMain] JpaBaseConfiguration$JpaWebConfiguration : spring.jpa.open-in-view is enabled by default. Therefore, database queries may be performed during view rendering. Explicitly configure spring.jpa.open-in-view to disable this warning
2022-09-22 00:19:36.708  WARN 21600 --- [restartedMain] o.s.s.c.a.web.builders.WebSecurity       : You are asking Spring Security to ignore Ant [pattern='/**/*.js']. This is not recommended -- please use permitAll via HttpSecurity#authorizeHttpRequests instead.
2022-09-22 00:19:36.708  INFO 21600 --- [restartedMain] o.s.s.web.DefaultSecurityFilterChain     : Will not secure Ant [pattern='/**/*.js']
2022-09-22 00:19:36.708  WARN 21600 --- [restartedMain] o.s.s.c.a.web.builders.WebSecurity       : You are asking Spring Security to ignore Ant [pattern='/**/*.css']. This is not recommended -- please use permitAll via HttpSecurity#authorizeHttpRequests instead.
2022-09-22 00:19:36.708  INFO 21600 --- [restartedMain] o.s.s.web.DefaultSecurityFilterChain     : Will not secure Ant [pattern='/**/*.css']
2022-09-22 00:19:36.709  WARN 21600 --- [restartedMain] o.s.s.c.a.web.builders.WebSecurity       : You are asking Spring Security to ignore Ant [pattern='/**/*.png']. This is not recommended -- please use permitAll via HttpSecurity#authorizeHttpRequests instead.
2022-09-22 00:19:36.709  INFO 21600 --- [restartedMain] o.s.s.web.DefaultSecurityFilterChain     : Will not secure Ant [pattern='/**/*.png']
2022-09-22 00:19:36.726  INFO 21600 --- [restartedMain] o.s.s.web.DefaultSecurityFilterChain     : Will secure any request with [org.springframework.security.web.context.request.async.WebAsyncManagerIntegrationFilter@4178f0f8, org.springframework.security.web.context.SecurityContextPersistenceFilter@1ab8a366, org.springframework.security.web.header.HeaderWriterFilter@349fcf77, org.springframework.security.web.csrf.CsrfFilter@62f9c582, org.springframework.security.web.authentication.logout.LogoutFilter@4dd7059e, org.springframework.security.web.authentication.UsernamePasswordAuthenticationFilter@5e53168c, org.springframework.security.web.savedrequest.RequestCacheAwareFilter@63d03e7f, org.springframework.security.web.servletapi.SecurityContextHolderAwareRequestFilter@297eb105, org.springframework.security.web.authentication.rememberme.RememberMeAuthenticationFilter@7388a472, org.springframework.security.web.authentication.AnonymousAuthenticationFilter@73bb350c, org.springframework.security.web.session.SessionManagementFilter@36c1b5e9, org.springframework.security.web.access.ExceptionTranslationFilter@21ab0741, org.springframework.security.web.access.intercept.FilterSecurityInterceptor@2d604e7]
2022-09-22 00:19:36.852  INFO 21600 --- [restartedMain] o.s.b.a.w.s.WelcomePageHandlerMapping    : Adding welcome page template: index
2022-09-22 00:19:37.522  INFO 21600 --- [restartedMain] o.s.b.d.a.OptionalLiveReloadServer       : LiveReload server is running on port 35729
2022-09-22 00:19:37.550  INFO 21600 --- [restartedMain] o.s.b.w.embedded.tomcat.TomcatWebServer  : Tomcat started on port(s): 8090 (http) with context path '/cozyCatsAdmin'
2022-09-22 00:19:37.556  INFO 21600 --- [restartedMain] c.c.c.admin.CozyCatsBackEndApplication   : Started CozyCatsBackEndApplication in 5.383 seconds (JVM running for 291.361)
2022-09-22 00:19:37.557  INFO 21600 --- [restartedMain] .ConditionEvaluationDeltaLoggingListener : Condition evaluation unchanged
2022-09-22 00:23:42.600  INFO 21600 --- [Thread-15] j.LocalContainerEntityManagerFactoryBean : Closing JPA EntityManagerFactory for persistence unit 'default'
2022-09-22 00:23:42.601  INFO 21600 --- [Thread-15] com.zaxxer.hikari.HikariDataSource       : HikariPool-4 - Shutdown initiated...
2022-09-22 00:23:42.609  INFO 21600 --- [Thread-15] com.zaxxer.hikari.HikariDataSource       : HikariPool-4 - Shutdown completed.
